<?xml version="1.0" encoding="UTF-8"?>
<!-- Generated by org.testng.reporters.JUnitReportReporter -->
<testsuite hostname="ABS28" name="Suits.Login" tests="1" failures="0" timestamp="28 Apr 2016 17:12:19 GMT" time="22.388" errors="0">
  <testcase name="completLogin" time="22.388" classname="Suits.Login"/>
</testsuite> <!-- Suits.Login -->
