<?xml version="1.0" encoding="UTF-8"?>
<!-- Generated by org.testng.reporters.JUnitReportReporter -->
<testsuite hostname="ABS28" name="Suits.CaptureTest" tests="1" failures="0" timestamp="26 Apr 2016 18:52:46 GMT" time="31.859" errors="0">
  <testcase name="captureScreem" time="31.859" classname="Suits.CaptureTest"/>
</testsuite> <!-- Suits.CaptureTest -->
